<?xml version="1.0" encoding="UTF-8"?>
<!-- Generated by org.testng.reporters.JUnitXMLReporter -->
<testsuite hostname="192.168.111.133" ignored="0" name="接口回归测试" tests="9" failures="0" timestamp="02 Jun 2020 09:34:03 GMT" time="0.018" errors="0">
  <testcase name="test3" time="0.0" classname="io.renren.modules.cases.service.CaseService"/>
  <testcase name="test3" time="0.0" classname="io.renren.modules.cases.service.CaseService"/>
  <testcase name="test3" time="0.0" classname="io.renren.modules.cases.service.CaseService"/>
  <testcase name="test3" time="0.0" classname="io.renren.modules.cases.service.CaseService"/>
  <testcase name="test3" time="0.0" classname="io.renren.modules.cases.service.CaseService"/>
  <testcase name="test3" time="0.0" classname="io.renren.modules.cases.service.CaseService"/>
  <testcase name="test3" time="0.001" classname="io.renren.modules.cases.service.CaseService"/>
  <testcase name="test3" time="0.0" classname="io.renren.modules.cases.service.CaseService"/>
  <testcase name="test3" time="0.0" classname="io.renren.modules.cases.service.CaseService"/>
</testsuite> <!-- 接口回归测试 -->
